utao_air_o: 0.101970480523 0.102
Uinfty_o=2.524045462, uhub_o=2.2
Diameter scale: from 0.15 to 0.15 (L0=1.0)
Choose of nx, dx:
Lx=4.32, Nx=256, dx/D=0.1125
Ly=0.72, Ny=64, dy/D=0.075
Lz=0.46, Nz=65, dz/D=0.0471794871795
LZ1=0.2, Nz=4, dz/D=0.333333333333
NZ1 is good around 17.7777777778
z vs. u
[[ 0.023       1.82345595]
 [ 0.046       2.00015733]
 [ 0.069       2.10352101]
 [ 0.092       2.17685871]
 [ 0.115       2.23374384]
 [ 0.138       2.28022239]
 [ 0.161       2.31951943]
 [ 0.184       2.35356008]
 [ 0.207       2.38358606]
 [ 0.23        2.41044522]
 [ 0.253       2.43474228]
 [ 0.276       2.45692376]
 [ 0.299       2.47732875]
 [ 0.322       2.49622081]
 [ 0.345       2.5138089 ]
 [ 0.368       2.53026146]
 [ 0.391       2.54571627]
 [ 0.414       2.56028744]
 [ 0.437       2.57407059]
 [ 0.46        2.5871466 ]]

choose of dt: preset dt=0.001
dx=0.016875, ux=1.0, dt_x = 0.016875
dy=0.00892274535193, urot=3.83511317278, dt_yz=0.0023265924498
Runtime=0.001x5000=5.0=40.6918145843T (T=0.122874834929)
dz1
[ 0.01871795  0.01871795  0.01871795  0.01684615]
dz2
[ 0.0147686   0.0147435   0.01471845  0.01469343  0.01466846  0.01464353
  0.01461865  0.0145938   0.014569    0.01454424  0.01451952  0.01449485
  0.01447022  0.01444562  0.01442107  0.01439657  0.0143721   0.01434767
  0.01432329  0.01429895  0.01427465  0.01425039  0.01422617  0.01420199
  0.01417786]
dz3
[ 0.01407777  0.01416461  0.01425199  0.01433991  0.01442836  0.01451737
  0.01460692  0.01469703  0.01478769  0.01487891  0.01497069  0.01506304
  0.01515596  0.01524945  0.01534352  0.01543817  0.0155334   0.01562922
  0.01572563  0.01582264  0.01592025  0.01601845  0.01611726  0.01621669
  0.01631672  0.01641737  0.01651865  0.01662055  0.01672307  0.01682623
  0.01693003  0.01703446  0.01713954  0.01724527  0.01724527  0.01724527
  0.        ]
q_1=0.9, a1_1=0.0187179487179
q_2=0.9983005293, a1_2=0.0147686022174
q_3=1.00616867091, a1_3=0.0140777727318
grid around inner layer:
0.0174612595724
0.0153078500407
0.0152818347981
grid around blade tip:
0.0146955360391
0.0145917962115
0.0146818082004
yplus(k=1)=0.101970480523*0.00970069976243/1.511e-05=65.465586776
r1=0.01~0.075, grid_res=0.00892274535193, nseg_acl=7.0
nseg_acl <= newsize: don't need refine the acldata000
